<?xml version="1.0" encoding="UTF-8"?>
<!-- Generated by org.testng.reporters.JUnitXMLReporter -->
<testsuite ignored="0" hostname="TYSS-Prabhat" failures="0" tests="4" name="Default test" time="0.115" errors="0" timestamp="2024-02-01T10:49:57 IST">
  <testcase classname="adnabu.testcase.TC_003" name="a" time="0.021"/>
  <testcase classname="adnabu.testcase.TC_003" name="c" time="0.003"/>
  <testcase classname="adnabu.testcase.TC_003" name="z" time="0.002"/>
  <testcase classname="adnabu.testcase.TC_003" name="b" time="0.002"/>
</testsuite> <!-- Default test -->
