<?xml version="1.0" encoding="UTF-8"?>
<!-- Generated by org.testng.reporters.JUnitXMLReporter -->
<testsuite ignored="0" hostname="TYSS-Prabhat" failures="0" tests="4" name="Default test" time="0.054" errors="0" timestamp="2024-02-01T15:22:02 IST">
  <testcase classname="adnabu.testcase.TC_003" name="c" time="0.013"/>
  <testcase classname="adnabu.testcase.TC_003" name="z" time="0.0"/>
  <testcase classname="adnabu.testcase.TC_003" name="a" time="0.001"/>
  <testcase classname="adnabu.testcase.TC_003" name="b" time="0.001"/>
</testsuite> <!-- Default test -->
